[debug] > Exec(;set _root_.scala.collection.Seq(historyPath := None,shellPrompt := { _ => "" },SettingKey[_root_.scala.Option[_root_.sbt.File]]("sbtStructureOutputFile") in _root_.sbt.Global := _root_.scala.Some(_root_.sbt.file("/private/var/folders/1r/clj60nv94qnfkjtm1yrxsx1r0000gn/T/sbt-structure.xml")),SettingKey[_root_.java.lang.String]("sbtStructureOptions") in _root_.sbt.Global := "download, resolveClassifiers, resolveSbtClassifiers");apply -cp "/Users/notkamui/Library/Application Support/JetBrains/Toolbox/apps/IDEA-U/ch-0/223.8214.52/IntelliJ IDEA.app.plugins/Scala/repo/org/jetbrains/scala/sbt-structure-extractor_2.12_1.0/2022.3.1/sbt-structure-extractor-2022.3.1.jar" org.jetbrains.sbt.CreateTasks;preferScala2;*/*:dumpStructure, Some(32a8b7ae-0b78-4a15-83d4-22a85022ae42), Some(CommandSource(console0)))
[debug] > Exec(set _root_.scala.collection.Seq(historyPath := None,shellPrompt := { _ => "" },SettingKey[_root_.scala.Option[_root_.sbt.File]]("sbtStructureOutputFile") in _root_.sbt.Global := _root_.scala.Some(_root_.sbt.file("/private/var/folders/1r/clj60nv94qnfkjtm1yrxsx1r0000gn/T/sbt-structure.xml")),SettingKey[_root_.java.lang.String]("sbtStructureOptions") in _root_.sbt.Global := "download, resolveClassifiers, resolveSbtClassifiers"), None, Some(CommandSource(console0)))
[info] Defining Global / sbtStructureOptions, Global / sbtStructureOutputFile and 1 others.
[info] The new values will be used by cleanKeepGlobs
[info] 	Run `last` for details.
[debug] Defining 
[debug] 	Global / sbtStructureOptions
[debug] 	Global / sbtStructureOutputFile
[debug] 	history
[debug] 	shellPrompt
[debug] 
[debug] The new values will be used by 
[debug] 	cleanKeepGlobs
[info] Reapplying settings...
[info] set current project to tp1 (in build file:/Users/notkamui/Documents/M2/SymbolicAI/tp1/)
[debug] > Exec(apply -cp "/Users/notkamui/Library/Application Support/JetBrains/Toolbox/apps/IDEA-U/ch-0/223.8214.52/IntelliJ IDEA.app.plugins/Scala/repo/org/jetbrains/scala/sbt-structure-extractor_2.12_1.0/2022.3.1/sbt-structure-extractor-2022.3.1.jar" org.jetbrains.sbt.CreateTasks, None, Some(CommandSource(console0)))
[info] Applying State transformations org.jetbrains.sbt.CreateTasks from /Users/notkamui/Library/Application Support/JetBrains/Toolbox/apps/IDEA-U/ch-0/223.8214.52/IntelliJ IDEA.app.plugins/Scala/repo/org/jetbrains/scala/sbt-structure-extractor_2.12_1.0/2022.3.1/sbt-structure-extractor-2022.3.1.jar
[info] Reapplying settings...
[info] set current project to tp1 (in build file:/Users/notkamui/Documents/M2/SymbolicAI/tp1/)
[debug] > Exec(preferScala2, None, Some(CommandSource(console0)))
[debug] > Exec(*/*:dumpStructure, None, Some(CommandSource(console0)))
[debug] Evaluating tasks: Global / dumpStructure
[warn] sbt 0.13 shell syntax is deprecated; use slash syntax instead: Global / dumpStructure
[debug] Running task... Cancel: Signal, check cycles: false, forcegc: true
[info] shutting down sbt server
