[debug] > Exec(early(addDefaultCommands), None, None)
[debug] > Exec(addDefaultCommands, None, None)
[debug] > Exec(early(initialize), None, None)
[debug] > Exec(initialize, None, None)
[debug] > Exec(boot, None, None)
[debug] > Exec(writeSbtVersion, None, None)
[debug] > Exec(reload, None, None)
[debug] > Exec(sbtStashOnFailure, None, None)
[debug] > Exec(onFailure loadFailed, None, None)
[debug] > Exec(loadp, None, None)
[info] welcome to sbt 1.8.2 (Amazon.com Inc. Java 17.0.6)
[debug] Load.defaultLoad until apply took 32.597958ms
[debug]           Load.loadUnit: plugins took 21.668834ms
[debug]           Load.loadUnit: defsScala took 0.076167ms
[debug] [Loading] Scanning directory /Users/notkamui/Documents/M2/SymbolicAI/tp1/project
[debug] [Loading] Found non-root projects 
[debug] [Loading] Done in /Users/notkamui/Documents/M2/SymbolicAI/tp1/project, returning: ()
[debug] deducing auto plugins based on known facts Set(Atom(sbt.plugins.CorePlugin)) and clauses Clauses(Clause(Atom(sbt.plugins.JvmPlugin),Set(Atom(sbt.plugins.IvyPlugin)))
[debug] Clause(Atom(sbt.ScriptedPlugin),Set(Atom(sbt.plugins.JvmPlugin)))
[debug] Clause(Atom(sbt.plugins.SbtPlugin),Set(Atom(sbt.ScriptedPlugin)))
[debug] Clause(Atom(sbt.plugins.SemanticdbPlugin),Set(Atom(sbt.plugins.JvmPlugin)))
[debug] Clause(Atom(sbt.plugins.JUnitXmlReportPlugin),Set(Atom(sbt.plugins.JvmPlugin)))
[debug] Clause(Atom(sbt.plugins.MiniDependencyTreePlugin),Set(Atom(sbt.plugins.JvmPlugin)))
[debug] Clause(Atom(sbt.plugins.CorePlugin),Set(Atom(sbt.plugins.IvyPlugin)))
[debug] Clause(Atom(sbt.plugins.IvyPlugin),Set(Atom(sbt.plugins.JvmPlugin)))
[debug] Clause(Atom(sbt.plugins.JvmPlugin),Set(Atom(sbt.plugins.SemanticdbPlugin)))
[debug] Clause(Atom(sbt.plugins.JvmPlugin),Set(Atom(sbt.plugins.JUnitXmlReportPlugin)))
[debug] Clause(Atom(sbt.plugins.CorePlugin),Set(Atom(sbt.plugins.Giter8TemplatePlugin)))
[debug] Clause(Atom(sbt.plugins.JvmPlugin),Set(Atom(sbt.plugins.MiniDependencyTreePlugin))))
[debug]   :: deduced result: Matched(sbt.plugins.CorePlugin,sbt.plugins.Giter8TemplatePlugin,sbt.plugins.IvyPlugin,sbt.plugins.JvmPlugin,sbt.plugins.MiniDependencyTreePlugin,sbt.plugins.JUnitXmlReportPlugin,sbt.plugins.SemanticdbPlugin)
[debug] Plugins.deducer#function took 4.855708 ms
[debug]               Load.resolveProject(tp1-build) took 13.669959ms
[debug]             Load.loadTransitive: finalizeProject(Project(id tp1-build, base: /Users/notkamui/Documents/M2/SymbolicAI/tp1/project, plugins: List(<none>))) took 26.45ms
[debug] [Loading] Done in /Users/notkamui/Documents/M2/SymbolicAI/tp1/project, returning: (tp1-build)
[debug]           Load.loadUnit: loadedProjectsRaw took 32.386375ms
[debug]           Load.loadUnit: cleanEvalClasses took 0.0585ms
[debug]         Load.loadUnit(file:/Users/notkamui/Documents/M2/SymbolicAI/tp1/project/, ...) took 55.925958ms
[debug]       Load.apply: load took 261.996167ms
[debug]       Load.apply: resolveProjects took 2.16175ms
[debug]       Load.apply: finalTransforms took 22.96075ms
[debug]       Load.apply: config.delegates took 1.962208ms
[debug]       Load.apply: Def.make(settings)... took 143.510084ms
[debug]       Load.apply: structureIndex took 36.122667ms
[debug]       Load.apply: mkStreams took 0.478417ms
[info] loading project definition from /Users/notkamui/Documents/M2/SymbolicAI/tp1/project
[debug] Running task... Cancel: Signal, check cycles: false, forcegc: true
[debug]     Load.loadUnit: plugins took 1314.799375ms
[debug]     Load.loadUnit: defsScala took 0.001209ms
[debug] [Loading] Scanning directory /Users/notkamui/Documents/M2/SymbolicAI/tp1
[debug]       Load.loadUnit: mkEval took 2.198208ms
[debug] [Loading] Found root project root w/ remaining 
[debug] deducing auto plugins based on known facts Set(Atom(sbt.plugins.CorePlugin)) and clauses Clauses(Clause(Atom(sbt.plugins.JvmPlugin),Set(Atom(sbt.plugins.IvyPlugin)))
[debug] Clause(Atom(sbt.ScriptedPlugin),Set(Atom(sbt.plugins.JvmPlugin)))
[debug] Clause(Atom(sbt.plugins.SbtPlugin),Set(Atom(sbt.ScriptedPlugin)))
[debug] Clause(Atom(sbt.plugins.SemanticdbPlugin),Set(Atom(sbt.plugins.JvmPlugin)))
[debug] Clause(Atom(sbt.plugins.JUnitXmlReportPlugin),Set(Atom(sbt.plugins.JvmPlugin)))
[debug] Clause(Atom(sbt.plugins.MiniDependencyTreePlugin),Set(Atom(sbt.plugins.JvmPlugin)))
[debug] Clause(Atom(sbt.plugins.CorePlugin),Set(Atom(sbt.plugins.IvyPlugin)))
[debug] Clause(Atom(sbt.plugins.IvyPlugin),Set(Atom(sbt.plugins.JvmPlugin)))
[debug] Clause(Atom(sbt.plugins.JvmPlugin),Set(Atom(sbt.plugins.SemanticdbPlugin)))
[debug] Clause(Atom(sbt.plugins.JvmPlugin),Set(Atom(sbt.plugins.JUnitXmlReportPlugin)))
[debug] Clause(Atom(sbt.plugins.CorePlugin),Set(Atom(sbt.plugins.Giter8TemplatePlugin)))
[debug] Clause(Atom(sbt.plugins.JvmPlugin),Set(Atom(sbt.plugins.MiniDependencyTreePlugin))))
[debug]   :: deduced result: Matched(sbt.plugins.CorePlugin,sbt.plugins.Giter8TemplatePlugin,sbt.plugins.IvyPlugin,sbt.plugins.JvmPlugin,sbt.plugins.MiniDependencyTreePlugin,sbt.plugins.JUnitXmlReportPlugin,sbt.plugins.SemanticdbPlugin)
[debug] Plugins.deducer#function took 0.623916 ms
[info] loading settings for project root from build.sbt ...
[debug]         Load.resolveProject(root) took 0.797959ms
[debug]       Load.loadTransitive: finalizeProject(Project(id root, base: /Users/notkamui/Documents/M2/SymbolicAI/tp1, plugins: List(<none>))) took 1.728292ms
[debug] [Loading] Done in /Users/notkamui/Documents/M2/SymbolicAI/tp1, returning: (root)
[debug]     Load.loadUnit: loadedProjectsRaw took 819.065ms
[debug]     Load.loadUnit: cleanEvalClasses took 1.282292ms
[debug]   Load.loadUnit(file:/Users/notkamui/Documents/M2/SymbolicAI/tp1/, ...) took 2135.742459ms
[debug] Load.apply: load took 2141.079875ms
[debug] Load.apply: resolveProjects took 0.0455ms
[debug] Load.apply: finalTransforms took 6.121667ms
[debug] Load.apply: config.delegates took 0.169791ms
[debug] Load.apply: Def.make(settings)... took 46.568333ms
[debug] Load.apply: structureIndex took 13.235416ms
[debug] Load.apply: mkStreams took 0.00125ms
[info] set current project to tp1 (in build file:/Users/notkamui/Documents/M2/SymbolicAI/tp1/)
[debug] > Exec(sbtPopOnFailure, None, None)
[debug] > Exec(resumeFromFailure, None, None)
[debug] > Exec(notifyUsersAboutShell, None, None)
[debug] > Exec(iflast shell, None, None)
[debug] > Exec(shell, None, None)
[info] sbt server started at local:///Users/notkamui/.sbt/1.0/server/c618edf473e30bc7bde8/sock
[debug] Writing bsp connection file
[info] started sbt server
