[2023-01-29 18:38:43,698] INFO [/config/changes-event-process-thread]: Stopped (kafka.common.ZkNodeChangeNotificationListener$ChangeEventProcessThread)
[2023-01-29 18:38:43,661] INFO [ReplicaFetcherManager on broker 0] Removed fetcher for partitions Set(prescriptionsDispatched-2, prescriptions-dispatched-2) (kafka.server.ReplicaFetcherManager)
[2023-01-29 18:38:43,713] INFO [ReplicaFetcherManager on broker 2] Removed fetcher for partitions HashSet(prescriptionsDispatched-2, prescriptions-dispatched-1, prescriptions-dispatched-2) (kafka.server.ReplicaFetcherManager)
[2023-01-29 18:38:43,688] INFO [ReplicaFetcher replicaId=1, leaderId=2, fetcherId=0] Stopped (kafka.server.ReplicaFetcherThread)
[2023-01-29 18:38:43,698] INFO [/config/changes-event-process-thread]: Shutdown completed (kafka.common.ZkNodeChangeNotificationListener$ChangeEventProcessThread)
[2023-01-29 18:39:13,713] INFO [Controller id=0, targetBrokerId=2] Disconnecting from node 2 due to request timeout. (org.apache.kafka.clients.NetworkClient)
[2023-01-29 18:39:13,662] INFO [Controller id=0, targetBrokerId=0] Disconnecting from node 0 due to request timeout. (org.apache.kafka.clients.NetworkClient)
[2023-01-29 18:39:22,490] INFO [Partition prescriptionsDispatched-0 broker=1] Shrinking ISR from 0,1 to 1. Leader: (highWatermark: 1150, endOffset: 1150). Out of sync replicas: (brokerId: 0, endOffset: -1). (kafka.cluster.Partition)
[2023-01-29 18:39:13,662] INFO [Controller id=0, targetBrokerId=1] Disconnecting from node 1 due to request timeout. (org.apache.kafka.clients.NetworkClient)
[2023-01-29 19:05:47,417] INFO [Controller id=0, targetBrokerId=0] Cancelled in-flight LEADER_AND_ISR request with correlation id 23 due to node 0 being disconnected (elapsed time since creation: 30002ms, elapsed time since send: 30002ms, request timeout: 30000ms) (org.apache.kafka.clients.NetworkClient)
[2023-01-29 18:38:43,720] INFO [KafkaServer id=0] Controlled shutdown request returned successfully after 133ms (kafka.server.KafkaServer)
[2023-01-29 18:38:43,727] INFO [KafkaServer id=1] Controlled shutdown request returned after 135ms with 6 partitions remaining to move (kafka.server.KafkaServer)
[2023-01-29 18:38:43,689] INFO [ReplicaFetcher replicaId=0, leaderId=2, fetcherId=0] Partition prescriptionsDispatched-0 has an older epoch (4) than the current leader. Will await the new LeaderAndIsr state before resuming fetching. (kafka.server.ReplicaFetcherThread)
[2023-01-29 18:38:43,690] INFO [ReplicaFetcher replicaId=1, leaderId=2, fetcherId=0] Shutdown completed (kafka.server.ReplicaFetcherThread)
[2023-01-29 19:05:47,417] INFO [Controller id=0, targetBrokerId=1] Cancelled in-flight LEADER_AND_ISR request with correlation id 18 due to node 1 being disconnected (elapsed time since creation: 30001ms, elapsed time since send: 30001ms, request timeout: 30000ms) (org.apache.kafka.clients.NetworkClient)
[2023-01-29 19:05:47,418] INFO [ReplicaFetcher replicaId=2, leaderId=0, fetcherId=0] Shutting down (kafka.server.ReplicaFetcherThread)
[2023-01-29 19:05:47,417] INFO [Controller id=0, targetBrokerId=2] Cancelled in-flight LEADER_AND_ISR request with correlation id 21 due to node 2 being disconnected (elapsed time since creation: 30001ms, elapsed time since send: 30001ms, request timeout: 30000ms) (org.apache.kafka.clients.NetworkClient)
[2023-01-29 19:05:47,420] WARN [ReplicaFetcher replicaId=0, leaderId=2, fetcherId=0] Partition prescriptionsDispatched-0 marked as failed (kafka.server.ReplicaFetcherThread)
[2023-01-29 19:05:47,421] INFO [Controller id=0, targetBrokerId=1] Client requested connection close from node 1 (org.apache.kafka.clients.NetworkClient)
[2023-01-29 19:05:47,421] INFO [Controller id=0, targetBrokerId=0] Client requested connection close from node 0 (org.apache.kafka.clients.NetworkClient)
[2023-01-29 19:05:47,421] INFO [ReplicaFetcher replicaId=2, leaderId=0, fetcherId=0] Stopped (kafka.server.ReplicaFetcherThread)
[2023-01-29 19:05:47,421] INFO [Controller id=0, targetBrokerId=2] Client requested connection close from node 2 (org.apache.kafka.clients.NetworkClient)
[2023-01-29 19:05:47,421] INFO [SocketServer listenerType=ZK_BROKER, nodeId=2] Stopping socket server request processors (kafka.network.SocketServer)
[2023-01-29 19:05:47,421] INFO [ReplicaFetcher replicaId=2, leaderId=0, fetcherId=0] Shutdown completed (kafka.server.ReplicaFetcherThread)
[2023-01-29 19:05:47,422] INFO [ReplicaFetcher replicaId=0, leaderId=2, fetcherId=0] Node 2 disconnected. (org.apache.kafka.clients.NetworkClient)
[2023-01-29 19:05:47,422] INFO [ReplicaFetcher replicaId=0, leaderId=2, fetcherId=0] Client requested connection close from node 2 (org.apache.kafka.clients.NetworkClient)
[2023-01-29 19:05:47,422] INFO [ReplicaFetcher replicaId=0, leaderId=2, fetcherId=0] Error sending fetch request (sessionId=2134261870, epoch=7127) to node 2: (org.apache.kafka.clients.FetchSessionHandler)
java.io.IOException: Connection to notkamui.mshome.net:9094 (id: 2 rack: null) failed.
	at org.apache.kafka.clients.NetworkClientUtils.awaitReady(NetworkClientUtils.java:70)
	at kafka.server.BrokerBlockingSender.sendRequest(BrokerBlockingSender.scala:108)
	at kafka.server.RemoteLeaderEndPoint.fetch(RemoteLeaderEndPoint.scala:78)
	at kafka.server.AbstractFetcherThread.processFetchRequest(AbstractFetcherThread.scala:309)
	at kafka.server.AbstractFetcherThread.$anonfun$maybeFetch$3(AbstractFetcherThread.scala:124)
	at kafka.server.AbstractFetcherThread.$anonfun$maybeFetch$3$adapted(AbstractFetcherThread.scala:123)
	at scala.Option.foreach(Option.scala:437)
	at kafka.server.AbstractFetcherThread.maybeFetch(AbstractFetcherThread.scala:123)
	at kafka.server.AbstractFetcherThread.doWork(AbstractFetcherThread.scala:106)
	at kafka.server.ReplicaFetcherThread.doWork(ReplicaFetcherThread.scala:97)
	at kafka.utils.ShutdownableThread.run(ShutdownableThread.scala:96)
[2023-01-29 19:05:47,422] WARN [ReplicaFetcher replicaId=0, leaderId=2, fetcherId=0] Error in response for fetch request (type=FetchRequest, replicaId=0, maxWait=500, minBytes=1, maxBytes=10485760, fetchData={}, isolationLevel=READ_UNCOMMITTED, removed=qJrCbxkPQkmBp6lynO0WoA:prescriptionsDispatched-2, qJrCbxkPQkmBp6lynO0WoA:prescriptionsDispatched-0, dOYAz2CvSNOqh8GUNr_fzQ:prescriptions-dispatched-2, replaced=, metadata=(sessionId=2134261870, epoch=7127), rackId=) (kafka.server.ReplicaFetcherThread)
java.io.IOException: Connection to notkamui.mshome.net:9094 (id: 2 rack: null) failed.
	at org.apache.kafka.clients.NetworkClientUtils.awaitReady(NetworkClientUtils.java:70)
	at kafka.server.BrokerBlockingSender.sendRequest(BrokerBlockingSender.scala:108)
	at kafka.server.RemoteLeaderEndPoint.fetch(RemoteLeaderEndPoint.scala:78)
	at kafka.server.AbstractFetcherThread.processFetchRequest(AbstractFetcherThread.scala:309)
	at kafka.server.AbstractFetcherThread.$anonfun$maybeFetch$3(AbstractFetcherThread.scala:124)
	at kafka.server.AbstractFetcherThread.$anonfun$maybeFetch$3$adapted(AbstractFetcherThread.scala:123)
	at scala.Option.foreach(Option.scala:437)
	at kafka.server.AbstractFetcherThread.maybeFetch(AbstractFetcherThread.scala:123)
	at kafka.server.AbstractFetcherThread.doWork(AbstractFetcherThread.scala:106)
	at kafka.server.ReplicaFetcherThread.doWork(ReplicaFetcherThread.scala:97)
	at kafka.utils.ShutdownableThread.run(ShutdownableThread.scala:96)
[2023-01-29 19:05:47,425] INFO [/config/changes-event-process-thread]: Shutting down (kafka.common.ZkNodeChangeNotificationListener$ChangeEventProcessThread)
[2023-01-29 19:05:47,425] INFO [/config/changes-event-process-thread]: Shutdown completed (kafka.common.ZkNodeChangeNotificationListener$ChangeEventProcessThread)
[2023-01-29 19:05:47,425] INFO [/config/changes-event-process-thread]: Stopped (kafka.common.ZkNodeChangeNotificationListener$ChangeEventProcessThread)
[2023-01-29 19:05:47,426] INFO [SocketServer listenerType=ZK_BROKER, nodeId=0] Stopping socket server request processors (kafka.network.SocketServer)
[2023-01-29 19:05:47,429] INFO [ReplicaFetcher replicaId=1, leaderId=0, fetcherId=0] Node 0 disconnected. (org.apache.kafka.clients.NetworkClient)
[2023-01-29 19:05:47,431] INFO [ReplicaFetcherManager on broker 0] Removed fetcher for partitions HashSet(prescriptionsDispatched-0) (kafka.server.ReplicaFetcherManager)
[2023-01-29 19:05:47,431] INFO [ReplicaFetcher replicaId=0, leaderId=2, fetcherId=0] Shutting down (kafka.server.ReplicaFetcherThread)
[2023-01-29 19:05:47,432] INFO [SocketServer listenerType=ZK_BROKER, nodeId=2] Stopped socket server request processors (kafka.network.SocketServer)
[2023-01-29 19:05:47,432] INFO [data-plane Kafka Request Handler on Broker 2], shutting down (kafka.server.KafkaRequestHandlerPool)
[2023-01-29 19:05:47,433] INFO [SocketServer listenerType=ZK_BROKER, nodeId=0] Stopped socket server request processors (kafka.network.SocketServer)
[2023-01-29 19:05:47,433] WARN Attempting to send response via channel for which there is no open connection, connection id 192.168.137.106:9093-192.168.137.106:50814-6 (kafka.network.Processor)
[2023-01-29 19:05:47,433] INFO [ReplicaFetcher replicaId=0, leaderId=2, fetcherId=0] Stopped (kafka.server.ReplicaFetcherThread)
[2023-01-29 19:05:47,433] INFO [ReplicaFetcher replicaId=0, leaderId=2, fetcherId=0] Shutdown completed (kafka.server.ReplicaFetcherThread)
[2023-01-29 19:05:47,434] INFO [data-plane Kafka Request Handler on Broker 0], shutting down (kafka.server.KafkaRequestHandlerPool)
[2023-01-29 19:05:47,434] INFO [data-plane Kafka Request Handler on Broker 2], shut down completely (kafka.server.KafkaRequestHandlerPool)
[2023-01-29 19:05:47,435] INFO [data-plane Kafka Request Handler on Broker 0], shut down completely (kafka.server.KafkaRequestHandlerPool)
[2023-01-29 19:05:47,436] INFO [ExpirationReaper-2-AlterAcls]: Shutting down (kafka.server.DelayedOperationPurgatory$ExpiredOperationReaper)
[2023-01-29 19:05:47,437] INFO [ExpirationReaper-0-AlterAcls]: Shutting down (kafka.server.DelayedOperationPurgatory$ExpiredOperationReaper)
[2023-01-29 19:05:47,438] INFO [ExpirationReaper-2-AlterAcls]: Shutdown completed (kafka.server.DelayedOperationPurgatory$ExpiredOperationReaper)
[2023-01-29 19:05:47,438] INFO [ExpirationReaper-2-AlterAcls]: Stopped (kafka.server.DelayedOperationPurgatory$ExpiredOperationReaper)
[2023-01-29 19:05:47,438] INFO [KafkaApi-2] Shutdown complete. (kafka.server.KafkaApis)
[2023-01-29 19:05:47,439] INFO [ExpirationReaper-0-AlterAcls]: Stopped (kafka.server.DelayedOperationPurgatory$ExpiredOperationReaper)
[2023-01-29 19:05:47,439] INFO [ExpirationReaper-2-topic]: Shutting down (kafka.server.DelayedOperationPurgatory$ExpiredOperationReaper)
[2023-01-29 19:05:47,439] INFO [ExpirationReaper-0-AlterAcls]: Shutdown completed (kafka.server.DelayedOperationPurgatory$ExpiredOperationReaper)
[2023-01-29 19:05:47,439] INFO [KafkaApi-0] Shutdown complete. (kafka.server.KafkaApis)
[2023-01-29 19:05:47,439] INFO [ExpirationReaper-2-topic]: Stopped (kafka.server.DelayedOperationPurgatory$ExpiredOperationReaper)
[2023-01-29 19:05:47,439] INFO [ExpirationReaper-2-topic]: Shutdown completed (kafka.server.DelayedOperationPurgatory$ExpiredOperationReaper)
[2023-01-29 19:05:47,439] INFO [ExpirationReaper-0-topic]: Shutting down (kafka.server.DelayedOperationPurgatory$ExpiredOperationReaper)
[2023-01-29 19:05:47,440] INFO [ExpirationReaper-0-topic]: Stopped (kafka.server.DelayedOperationPurgatory$ExpiredOperationReaper)
[2023-01-29 19:05:47,440] INFO [ExpirationReaper-0-topic]: Shutdown completed (kafka.server.DelayedOperationPurgatory$ExpiredOperationReaper)
[2023-01-29 19:05:47,440] INFO [TransactionCoordinator id=2] Shutting down. (kafka.coordinator.transaction.TransactionCoordinator)
[2023-01-29 19:05:47,440] INFO [Transaction State Manager 2]: Shutdown complete (kafka.coordinator.transaction.TransactionStateManager)
[2023-01-29 19:05:47,441] INFO [Transaction Marker Channel Manager 2]: Shutting down (kafka.coordinator.transaction.TransactionMarkerChannelManager)
[2023-01-29 19:05:47,441] INFO [Transaction Marker Channel Manager 2]: Stopped (kafka.coordinator.transaction.TransactionMarkerChannelManager)
[2023-01-29 19:05:47,441] INFO [Transaction Marker Channel Manager 2]: Shutdown completed (kafka.coordinator.transaction.TransactionMarkerChannelManager)
[2023-01-29 19:05:47,441] INFO [TransactionCoordinator id=0] Shutting down. (kafka.coordinator.transaction.TransactionCoordinator)
[2023-01-29 19:05:47,441] INFO [Transaction State Manager 0]: Shutdown complete (kafka.coordinator.transaction.TransactionStateManager)
[2023-01-29 19:05:47,441] INFO [TransactionCoordinator id=2] Shutdown complete. (kafka.coordinator.transaction.TransactionCoordinator)
[2023-01-29 19:05:47,441] INFO [Transaction Marker Channel Manager 0]: Shutting down (kafka.coordinator.transaction.TransactionMarkerChannelManager)
[2023-01-29 19:05:47,441] INFO [Transaction Marker Channel Manager 0]: Stopped (kafka.coordinator.transaction.TransactionMarkerChannelManager)
[2023-01-29 19:05:47,441] INFO [GroupCoordinator 2]: Shutting down. (kafka.coordinator.group.GroupCoordinator)
[2023-01-29 19:05:47,441] INFO [Transaction Marker Channel Manager 0]: Shutdown completed (kafka.coordinator.transaction.TransactionMarkerChannelManager)
[2023-01-29 19:05:47,442] INFO [TransactionCoordinator id=0] Shutdown complete. (kafka.coordinator.transaction.TransactionCoordinator)
[2023-01-29 19:05:47,442] INFO [ExpirationReaper-2-Heartbeat]: Shutting down (kafka.server.DelayedOperationPurgatory$ExpiredOperationReaper)
[2023-01-29 19:05:47,442] INFO [GroupCoordinator 0]: Shutting down. (kafka.coordinator.group.GroupCoordinator)
[2023-01-29 19:05:47,442] INFO [ExpirationReaper-2-Heartbeat]: Stopped (kafka.server.DelayedOperationPurgatory$ExpiredOperationReaper)
[2023-01-29 19:05:47,442] INFO [ExpirationReaper-0-Heartbeat]: Shutting down (kafka.server.DelayedOperationPurgatory$ExpiredOperationReaper)
[2023-01-29 19:05:47,442] INFO [ExpirationReaper-2-Heartbeat]: Shutdown completed (kafka.server.DelayedOperationPurgatory$ExpiredOperationReaper)
[2023-01-29 19:05:47,442] INFO [ExpirationReaper-0-Heartbeat]: Stopped (kafka.server.DelayedOperationPurgatory$ExpiredOperationReaper)
[2023-01-29 19:05:47,442] INFO [ExpirationReaper-0-Heartbeat]: Shutdown completed (kafka.server.DelayedOperationPurgatory$ExpiredOperationReaper)
[2023-01-29 19:05:47,442] INFO [ExpirationReaper-2-Rebalance]: Shutting down (kafka.server.DelayedOperationPurgatory$ExpiredOperationReaper)
[2023-01-29 19:05:47,442] INFO [ExpirationReaper-0-Rebalance]: Shutting down (kafka.server.DelayedOperationPurgatory$ExpiredOperationReaper)
[2023-01-29 19:05:47,442] INFO [ExpirationReaper-0-Rebalance]: Stopped (kafka.server.DelayedOperationPurgatory$ExpiredOperationReaper)
[2023-01-29 19:05:47,442] INFO [ExpirationReaper-0-Rebalance]: Shutdown completed (kafka.server.DelayedOperationPurgatory$ExpiredOperationReaper)
[2023-01-29 19:05:47,442] INFO [ExpirationReaper-2-Rebalance]: Stopped (kafka.server.DelayedOperationPurgatory$ExpiredOperationReaper)
[2023-01-29 19:05:47,442] INFO [ExpirationReaper-2-Rebalance]: Shutdown completed (kafka.server.DelayedOperationPurgatory$ExpiredOperationReaper)
[2023-01-29 19:05:47,443] INFO [GroupCoordinator 2]: Shutdown complete. (kafka.coordinator.group.GroupCoordinator)
[2023-01-29 19:05:47,443] INFO [GroupCoordinator 0]: Shutdown complete. (kafka.coordinator.group.GroupCoordinator)
[2023-01-29 19:05:47,443] INFO [ReplicaManager broker=2] Shutting down (kafka.server.ReplicaManager)
[2023-01-29 19:05:47,443] INFO [LogDirFailureHandler]: Shutting down (kafka.server.ReplicaManager$LogDirFailureHandler)
[2023-01-29 19:05:47,443] INFO [LogDirFailureHandler]: Stopped (kafka.server.ReplicaManager$LogDirFailureHandler)
[2023-01-29 19:05:47,443] INFO [LogDirFailureHandler]: Shutdown completed (kafka.server.ReplicaManager$LogDirFailureHandler)
[2023-01-29 19:05:47,443] INFO [ReplicaManager broker=0] Shutting down (kafka.server.ReplicaManager)
[2023-01-29 19:05:47,443] INFO [ReplicaFetcherManager on broker 2] shutting down (kafka.server.ReplicaFetcherManager)
[2023-01-29 19:05:47,444] INFO [LogDirFailureHandler]: Shutting down (kafka.server.ReplicaManager$LogDirFailureHandler)
[2023-01-29 19:05:47,444] INFO [LogDirFailureHandler]: Stopped (kafka.server.ReplicaManager$LogDirFailureHandler)
[2023-01-29 19:05:47,444] INFO [LogDirFailureHandler]: Shutdown completed (kafka.server.ReplicaManager$LogDirFailureHandler)
[2023-01-29 19:05:47,444] INFO [ReplicaFetcher replicaId=2, leaderId=1, fetcherId=0] Shutting down (kafka.server.ReplicaFetcherThread)
[2023-01-29 19:05:47,444] INFO [ReplicaFetcher replicaId=1, leaderId=0, fetcherId=0] Cancelled in-flight FETCH request with correlation id 4985 due to node 0 being disconnected (elapsed time since creation: 360ms, elapsed time since send: 360ms, request timeout: 30000ms) (org.apache.kafka.clients.NetworkClient)
[2023-01-29 19:05:47,444] INFO [ReplicaFetcher replicaId=1, leaderId=0, fetcherId=0] Client requested connection close from node 0 (org.apache.kafka.clients.NetworkClient)
[2023-01-29 19:05:47,444] INFO [ReplicaFetcherManager on broker 0] shutting down (kafka.server.ReplicaFetcherManager)
[2023-01-29 19:05:47,444] INFO [ReplicaFetcher replicaId=2, leaderId=1, fetcherId=0] Client requested connection close from node 1 (org.apache.kafka.clients.NetworkClient)
[2023-01-29 19:05:47,445] INFO [ReplicaFetcher replicaId=2, leaderId=1, fetcherId=0] Cancelled in-flight FETCH request with correlation id 9290 due to node 1 being disconnected (elapsed time since creation: 149ms, elapsed time since send: 149ms, request timeout: 30000ms) (org.apache.kafka.clients.NetworkClient)
[2023-01-29 19:05:47,445] INFO [ReplicaFetcher replicaId=0, leaderId=1, fetcherId=0] Shutting down (kafka.server.ReplicaFetcherThread)
[2023-01-29 19:05:47,445] INFO [ReplicaFetcher replicaId=0, leaderId=1, fetcherId=0] Client requested connection close from node 1 (org.apache.kafka.clients.NetworkClient)
[2023-01-29 19:05:47,445] INFO [ReplicaFetcher replicaId=0, leaderId=1, fetcherId=0] Cancelled in-flight FETCH request with correlation id 9290 due to node 1 being disconnected (elapsed time since creation: 149ms, elapsed time since send: 149ms, request timeout: 30000ms) (org.apache.kafka.clients.NetworkClient)
[2023-01-29 19:05:47,445] INFO [ReplicaFetcher replicaId=0, leaderId=1, fetcherId=0] Error sending fetch request (sessionId=632272941, epoch=9290) to node 1: (org.apache.kafka.clients.FetchSessionHandler)
java.io.IOException: Client was shutdown before response was read
	at org.apache.kafka.clients.NetworkClientUtils.sendAndReceive(NetworkClientUtils.java:108)
	at kafka.server.BrokerBlockingSender.sendRequest(BrokerBlockingSender.scala:113)
	at kafka.server.RemoteLeaderEndPoint.fetch(RemoteLeaderEndPoint.scala:78)
	at kafka.server.AbstractFetcherThread.processFetchRequest(AbstractFetcherThread.scala:309)
	at kafka.server.AbstractFetcherThread.$anonfun$maybeFetch$3(AbstractFetcherThread.scala:124)
	at kafka.server.AbstractFetcherThread.$anonfun$maybeFetch$3$adapted(AbstractFetcherThread.scala:123)
	at scala.Option.foreach(Option.scala:437)
	at kafka.server.AbstractFetcherThread.maybeFetch(AbstractFetcherThread.scala:123)
	at kafka.server.AbstractFetcherThread.doWork(AbstractFetcherThread.scala:106)
	at kafka.server.ReplicaFetcherThread.doWork(ReplicaFetcherThread.scala:97)
	at kafka.utils.ShutdownableThread.run(ShutdownableThread.scala:96)
[2023-01-29 19:05:47,446] INFO [ReplicaFetcher replicaId=0, leaderId=1, fetcherId=0] Stopped (kafka.server.ReplicaFetcherThread)
[2023-01-29 19:05:47,446] INFO [ReplicaFetcher replicaId=0, leaderId=1, fetcherId=0] Shutdown completed (kafka.server.ReplicaFetcherThread)
[2023-01-29 19:05:47,446] INFO [ReplicaFetcherManager on broker 0] shutdown completed (kafka.server.ReplicaFetcherManager)
[2023-01-29 19:05:47,447] INFO [ReplicaAlterLogDirsManager on broker 0] shutting down (kafka.server.ReplicaAlterLogDirsManager)
[2023-01-29 19:05:47,447] INFO [ReplicaAlterLogDirsManager on broker 0] shutdown completed (kafka.server.ReplicaAlterLogDirsManager)
[2023-01-29 19:05:47,447] INFO [ExpirationReaper-0-Fetch]: Shutting down (kafka.server.DelayedOperationPurgatory$ExpiredOperationReaper)
[2023-01-29 19:05:47,447] INFO [ExpirationReaper-0-Fetch]: Stopped (kafka.server.DelayedOperationPurgatory$ExpiredOperationReaper)
[2023-01-29 19:05:47,447] INFO [ExpirationReaper-0-Fetch]: Shutdown completed (kafka.server.DelayedOperationPurgatory$ExpiredOperationReaper)
[2023-01-29 19:05:47,447] INFO [ExpirationReaper-0-Produce]: Shutting down (kafka.server.DelayedOperationPurgatory$ExpiredOperationReaper)
[2023-01-29 19:05:47,445] INFO [ReplicaFetcher replicaId=2, leaderId=1, fetcherId=0] Error sending fetch request (sessionId=309919966, epoch=9290) to node 1: (org.apache.kafka.clients.FetchSessionHandler)
java.io.IOException: Client was shutdown before response was read
	at org.apache.kafka.clients.NetworkClientUtils.sendAndReceive(NetworkClientUtils.java:108)
	at kafka.server.BrokerBlockingSender.sendRequest(BrokerBlockingSender.scala:113)
	at kafka.server.RemoteLeaderEndPoint.fetch(RemoteLeaderEndPoint.scala:78)
	at kafka.server.AbstractFetcherThread.processFetchRequest(AbstractFetcherThread.scala:309)
	at kafka.server.AbstractFetcherThread.$anonfun$maybeFetch$3(AbstractFetcherThread.scala:124)
	at kafka.server.AbstractFetcherThread.$anonfun$maybeFetch$3$adapted(AbstractFetcherThread.scala:123)
	at scala.Option.foreach(Option.scala:437)
	at kafka.server.AbstractFetcherThread.maybeFetch(AbstractFetcherThread.scala:123)
	at kafka.server.AbstractFetcherThread.doWork(AbstractFetcherThread.scala:106)
	at kafka.server.ReplicaFetcherThread.doWork(ReplicaFetcherThread.scala:97)
	at kafka.utils.ShutdownableThread.run(ShutdownableThread.scala:96)
[2023-01-29 19:05:47,447] INFO [ReplicaFetcher replicaId=2, leaderId=1, fetcherId=0] Stopped (kafka.server.ReplicaFetcherThread)
[2023-01-29 19:05:47,447] INFO [ExpirationReaper-0-Produce]: Stopped (kafka.server.DelayedOperationPurgatory$ExpiredOperationReaper)
[2023-01-29 19:05:47,447] INFO [ReplicaFetcher replicaId=2, leaderId=1, fetcherId=0] Shutdown completed (kafka.server.ReplicaFetcherThread)
[2023-01-29 19:05:47,448] INFO [ExpirationReaper-0-Produce]: Shutdown completed (kafka.server.DelayedOperationPurgatory$ExpiredOperationReaper)
[2023-01-29 19:05:47,448] INFO [ExpirationReaper-0-DeleteRecords]: Shutting down (kafka.server.DelayedOperationPurgatory$ExpiredOperationReaper)
[2023-01-29 19:05:47,445] INFO [ReplicaFetcher replicaId=1, leaderId=0, fetcherId=0] Error sending fetch request (sessionId=1154869301, epoch=4985) to node 0: (org.apache.kafka.clients.FetchSessionHandler)
java.io.IOException: Connection to 0 was disconnected before the response was read
	at org.apache.kafka.clients.NetworkClientUtils.sendAndReceive(NetworkClientUtils.java:99)
	at kafka.server.BrokerBlockingSender.sendRequest(BrokerBlockingSender.scala:113)
	at kafka.server.RemoteLeaderEndPoint.fetch(RemoteLeaderEndPoint.scala:78)
	at kafka.server.AbstractFetcherThread.processFetchRequest(AbstractFetcherThread.scala:309)
	at kafka.server.AbstractFetcherThread.$anonfun$maybeFetch$3(AbstractFetcherThread.scala:124)
	at kafka.server.AbstractFetcherThread.$anonfun$maybeFetch$3$adapted(AbstractFetcherThread.scala:123)
	at scala.Option.foreach(Option.scala:437)
	at kafka.server.AbstractFetcherThread.maybeFetch(AbstractFetcherThread.scala:123)
	at kafka.server.AbstractFetcherThread.doWork(AbstractFetcherThread.scala:106)
	at kafka.server.ReplicaFetcherThread.doWork(ReplicaFetcherThread.scala:97)
	at kafka.utils.ShutdownableThread.run(ShutdownableThread.scala:96)
[2023-01-29 19:05:47,448] INFO [ExpirationReaper-0-DeleteRecords]: Stopped (kafka.server.DelayedOperationPurgatory$ExpiredOperationReaper)
[2023-01-29 19:05:47,448] WARN [ReplicaFetcher replicaId=1, leaderId=0, fetcherId=0] Error in response for fetch request (type=FetchRequest, replicaId=1, maxWait=500, minBytes=1, maxBytes=10485760, fetchData={}, isolationLevel=READ_UNCOMMITTED, removed=, replaced=, metadata=(sessionId=1154869301, epoch=4985), rackId=) (kafka.server.ReplicaFetcherThread)
java.io.IOException: Connection to 0 was disconnected before the response was read
	at org.apache.kafka.clients.NetworkClientUtils.sendAndReceive(NetworkClientUtils.java:99)
	at kafka.server.BrokerBlockingSender.sendRequest(BrokerBlockingSender.scala:113)
	at kafka.server.RemoteLeaderEndPoint.fetch(RemoteLeaderEndPoint.scala:78)
	at kafka.server.AbstractFetcherThread.processFetchRequest(AbstractFetcherThread.scala:309)
	at kafka.server.AbstractFetcherThread.$anonfun$maybeFetch$3(AbstractFetcherThread.scala:124)
	at kafka.server.AbstractFetcherThread.$anonfun$maybeFetch$3$adapted(AbstractFetcherThread.scala:123)
	at scala.Option.foreach(Option.scala:437)
	at kafka.server.AbstractFetcherThread.maybeFetch(AbstractFetcherThread.scala:123)
	at kafka.server.AbstractFetcherThread.doWork(AbstractFetcherThread.scala:106)
	at kafka.server.ReplicaFetcherThread.doWork(ReplicaFetcherThread.scala:97)
	at kafka.utils.ShutdownableThread.run(ShutdownableThread.scala:96)
[2023-01-29 19:05:47,449] INFO [ReplicaFetcherManager on broker 2] shutdown completed (kafka.server.ReplicaFetcherManager)
[2023-01-29 19:05:47,449] INFO [ExpirationReaper-0-DeleteRecords]: Shutdown completed (kafka.server.DelayedOperationPurgatory$ExpiredOperationReaper)
[2023-01-29 19:05:47,449] INFO [ExpirationReaper-0-ElectLeader]: Shutting down (kafka.server.DelayedOperationPurgatory$ExpiredOperationReaper)
[2023-01-29 19:05:47,449] INFO [ReplicaAlterLogDirsManager on broker 2] shutting down (kafka.server.ReplicaAlterLogDirsManager)
[2023-01-29 19:05:47,449] INFO [ReplicaAlterLogDirsManager on broker 2] shutdown completed (kafka.server.ReplicaAlterLogDirsManager)
[2023-01-29 19:05:47,449] INFO [ExpirationReaper-2-Fetch]: Shutting down (kafka.server.DelayedOperationPurgatory$ExpiredOperationReaper)
[2023-01-29 19:05:47,449] INFO [ExpirationReaper-2-Fetch]: Stopped (kafka.server.DelayedOperationPurgatory$ExpiredOperationReaper)
[2023-01-29 19:05:47,449] INFO [ExpirationReaper-0-ElectLeader]: Stopped (kafka.server.DelayedOperationPurgatory$ExpiredOperationReaper)
[2023-01-29 19:05:47,449] INFO [ExpirationReaper-2-Fetch]: Shutdown completed (kafka.server.DelayedOperationPurgatory$ExpiredOperationReaper)
[2023-01-29 19:05:47,449] INFO [ExpirationReaper-0-ElectLeader]: Shutdown completed (kafka.server.DelayedOperationPurgatory$ExpiredOperationReaper)
[2023-01-29 19:05:47,449] INFO [ExpirationReaper-2-Produce]: Shutting down (kafka.server.DelayedOperationPurgatory$ExpiredOperationReaper)
[2023-01-29 19:05:47,450] INFO [ExpirationReaper-2-Produce]: Stopped (kafka.server.DelayedOperationPurgatory$ExpiredOperationReaper)
[2023-01-29 19:05:47,450] INFO [ExpirationReaper-2-Produce]: Shutdown completed (kafka.server.DelayedOperationPurgatory$ExpiredOperationReaper)
[2023-01-29 19:05:47,450] INFO [ExpirationReaper-2-DeleteRecords]: Shutting down (kafka.server.DelayedOperationPurgatory$ExpiredOperationReaper)
[2023-01-29 19:05:47,451] INFO [ExpirationReaper-2-DeleteRecords]: Stopped (kafka.server.DelayedOperationPurgatory$ExpiredOperationReaper)
[2023-01-29 19:05:47,452] INFO [BrokerToControllerChannelManager broker=1 name=alterPartition] Node 0 disconnected. (org.apache.kafka.clients.NetworkClient)
[2023-01-29 19:05:47,452] WARN [BrokerToControllerChannelManager broker=1 name=alterPartition] Connection to node 0 (notkamui.mshome.net/192.168.137.106:9092) could not be established. Broker may not be available. (org.apache.kafka.clients.NetworkClient)
[2023-01-29 19:05:47,451] INFO [ExpirationReaper-2-DeleteRecords]: Shutdown completed (kafka.server.DelayedOperationPurgatory$ExpiredOperationReaper)
[2023-01-29 19:05:47,452] INFO [ExpirationReaper-2-ElectLeader]: Shutting down (kafka.server.DelayedOperationPurgatory$ExpiredOperationReaper)
[2023-01-29 19:05:47,452] INFO [BrokerToControllerChannelManager broker=1 name=alterPartition]: Recorded new controller, from now on will use node notkamui.mshome.net:9092 (id: 0 rack: null) (kafka.server.BrokerToControllerRequestThread)
[2023-01-29 19:05:47,452] INFO [ReplicaManager broker=0] Shut down completely (kafka.server.ReplicaManager)
[2023-01-29 19:05:47,453] INFO [BrokerToControllerChannelManager broker=0 name=alterPartition]: Shutting down (kafka.server.BrokerToControllerRequestThread)
[2023-01-29 19:05:47,453] INFO [BrokerToControllerChannelManager broker=0 name=alterPartition]: Stopped (kafka.server.BrokerToControllerRequestThread)
[2023-01-29 19:05:47,453] INFO [BrokerToControllerChannelManager broker=0 name=alterPartition]: Shutdown completed (kafka.server.BrokerToControllerRequestThread)
[2023-01-29 19:05:47,453] INFO [ExpirationReaper-2-ElectLeader]: Shutdown completed (kafka.server.DelayedOperationPurgatory$ExpiredOperationReaper)
[2023-01-29 19:05:47,453] INFO [ExpirationReaper-2-ElectLeader]: Stopped (kafka.server.DelayedOperationPurgatory$ExpiredOperationReaper)
[2023-01-29 19:05:47,454] INFO Broker to controller channel manager for alterPartition shutdown (kafka.server.BrokerToControllerChannelManagerImpl)
[2023-01-29 19:05:47,455] INFO [BrokerToControllerChannelManager broker=0 name=forwarding]: Shutting down (kafka.server.BrokerToControllerRequestThread)
[2023-01-29 19:05:47,455] INFO [BrokerToControllerChannelManager broker=0 name=forwarding]: Stopped (kafka.server.BrokerToControllerRequestThread)
[2023-01-29 19:05:47,456] INFO [ReplicaManager broker=2] Shut down completely (kafka.server.ReplicaManager)
[2023-01-29 19:05:47,455] INFO [BrokerToControllerChannelManager broker=0 name=forwarding]: Shutdown completed (kafka.server.BrokerToControllerRequestThread)
[2023-01-29 19:05:47,456] INFO [BrokerToControllerChannelManager broker=2 name=alterPartition]: Shutting down (kafka.server.BrokerToControllerRequestThread)
[2023-01-29 19:05:47,456] INFO Broker to controller channel manager for forwarding shutdown (kafka.server.BrokerToControllerChannelManagerImpl)
[2023-01-29 19:05:47,456] INFO [BrokerToControllerChannelManager broker=2 name=alterPartition]: Stopped (kafka.server.BrokerToControllerRequestThread)
[2023-01-29 19:05:47,456] INFO [BrokerToControllerChannelManager broker=2 name=alterPartition]: Shutdown completed (kafka.server.BrokerToControllerRequestThread)
[2023-01-29 19:05:47,456] INFO Shutting down. (kafka.log.LogManager)
[2023-01-29 19:05:47,457] INFO Broker to controller channel manager for alterPartition shutdown (kafka.server.BrokerToControllerChannelManagerImpl)
[2023-01-29 19:05:47,457] INFO [BrokerToControllerChannelManager broker=2 name=forwarding]: Shutting down (kafka.server.BrokerToControllerRequestThread)
[2023-01-29 19:05:47,457] INFO [BrokerToControllerChannelManager broker=2 name=forwarding]: Stopped (kafka.server.BrokerToControllerRequestThread)
[2023-01-29 19:05:47,457] INFO [BrokerToControllerChannelManager broker=2 name=forwarding]: Shutdown completed (kafka.server.BrokerToControllerRequestThread)
[2023-01-29 19:05:47,457] INFO Broker to controller channel manager for forwarding shutdown (kafka.server.BrokerToControllerChannelManagerImpl)
[2023-01-29 19:05:47,457] INFO Shutting down. (kafka.log.LogManager)
[2023-01-29 19:05:47,484] INFO [ProducerStateManager partition=prescriptions-dispatched-0] Wrote producer snapshot at offset 162 with 0 producer ids in 5 ms. (kafka.log.ProducerStateManager)
[2023-01-29 19:05:47,503] INFO [BrokerToControllerChannelManager broker=1 name=alterPartition]: Recorded new controller, from now on will use node notkamui.mshome.net:9092 (id: 0 rack: null) (kafka.server.BrokerToControllerRequestThread)
[2023-01-29 19:05:47,504] INFO [BrokerToControllerChannelManager broker=1 name=alterPartition] Node 0 disconnected. (org.apache.kafka.clients.NetworkClient)
[2023-01-29 19:05:47,505] INFO [ProducerStateManager partition=prescriptions-0] Wrote producer snapshot at offset 3766 with 0 producer ids in 5 ms. (kafka.log.ProducerStateManager)
[2023-01-29 19:05:47,505] WARN [BrokerToControllerChannelManager broker=1 name=alterPartition] Connection to node 0 (notkamui.mshome.net/192.168.137.106:9092) could not be established. Broker may not be available. (org.apache.kafka.clients.NetworkClient)
[2023-01-29 19:05:47,505] INFO [BrokerToControllerChannelManager broker=1 name=alterPartition]: Recorded new controller, from now on will use node notkamui.mshome.net:9092 (id: 0 rack: null) (kafka.server.BrokerToControllerRequestThread)
[2023-01-29 19:05:47,517] INFO [ProducerStateManager partition=prescriptionsDispatched-0] Wrote producer snapshot at offset 1150 with 0 producer ids in 3 ms. (kafka.log.ProducerStateManager)
[2023-01-29 19:05:47,528] INFO [Controller id=0, targetBrokerId=0] Node 0 disconnected. (org.apache.kafka.clients.NetworkClient)
[2023-01-29 19:05:47,528] INFO [Controller id=0, targetBrokerId=2] Node 2 disconnected. (org.apache.kafka.clients.NetworkClient)
[2023-01-29 19:05:47,530] WARN [Controller id=0, targetBrokerId=0] Connection to node 0 (notkamui.mshome.net/192.168.137.106:9092) could not be established. Broker may not be available. (org.apache.kafka.clients.NetworkClient)
[2023-01-29 19:05:47,530] WARN [Controller id=0, targetBrokerId=2] Connection to node 2 (notkamui.mshome.net/192.168.137.106:9094) could not be established. Broker may not be available. (org.apache.kafka.clients.NetworkClient)
[2023-01-29 19:05:47,532] INFO [Controller id=0, targetBrokerId=0] Client requested connection close from node 0 (org.apache.kafka.clients.NetworkClient)
[2023-01-29 19:05:47,532] INFO [ProducerStateManager partition=prescriptions-anonymized-0] Wrote producer snapshot at offset 3844 with 0 producer ids in 6 ms. (kafka.log.ProducerStateManager)
[2023-01-29 19:05:47,532] INFO [Controller id=0, targetBrokerId=2] Client requested connection close from node 2 (org.apache.kafka.clients.NetworkClient)
[2023-01-29 19:05:47,540] INFO [ReplicaFetcherManager on broker 1] Removed fetcher for partitions Set(prescriptionsDispatched-1, prescriptions-dispatched-0) (kafka.server.ReplicaFetcherManager)
[2023-01-29 19:05:47,549] INFO [ProducerStateManager partition=prescriptionsDispatched-2] Wrote producer snapshot at offset 960 with 0 producer ids in 5 ms. (kafka.log.ProducerStateManager)
[2023-01-29 19:05:47,555] INFO [BrokerToControllerChannelManager broker=1 name=alterPartition]: Recorded new controller, from now on will use node notkamui.mshome.net:9092 (id: 0 rack: null) (kafka.server.BrokerToControllerRequestThread)
[2023-01-29 19:05:47,555] INFO [BrokerToControllerChannelManager broker=1 name=alterPartition] Node 0 disconnected. (org.apache.kafka.clients.NetworkClient)
[2023-01-29 19:05:47,555] WARN [BrokerToControllerChannelManager broker=1 name=alterPartition] Connection to node 0 (notkamui.mshome.net/192.168.137.106:9092) could not be established. Broker may not be available. (org.apache.kafka.clients.NetworkClient)
[2023-01-29 19:05:47,555] INFO [BrokerToControllerChannelManager broker=1 name=alterPartition]: Recorded new controller, from now on will use node notkamui.mshome.net:9092 (id: 0 rack: null) (kafka.server.BrokerToControllerRequestThread)
[2023-01-29 19:05:47,566] INFO [ReplicaFetcherManager on broker 1] Removed fetcher for partitions HashSet(prescriptions-dispatched-1) (kafka.server.ReplicaFetcherManager)
[2023-01-29 19:05:47,569] INFO [ReplicaFetcher replicaId=1, leaderId=0, fetcherId=0] Shutting down (kafka.server.ReplicaFetcherThread)
[2023-01-29 19:05:47,569] INFO [ReplicaFetcher replicaId=1, leaderId=0, fetcherId=0] Shutdown completed (kafka.server.ReplicaFetcherThread)
[2023-01-29 19:05:47,569] INFO [ReplicaFetcher replicaId=1, leaderId=0, fetcherId=0] Stopped (kafka.server.ReplicaFetcherThread)
[2023-01-29 19:05:47,572] INFO [ProducerStateManager partition=prescriptionsDispatched-1] Wrote producer snapshot at offset 1176 with 0 producer ids in 6 ms. (kafka.log.ProducerStateManager)
[2023-01-29 19:05:47,576] INFO [ReplicaFetcherManager on broker 1] Removed fetcher for partitions Set(prescriptionsDispatched-2, prescriptions-dispatched-2, prescriptions-dispatched-1) (kafka.server.ReplicaFetcherManager)
[2023-01-29 19:05:47,591] INFO [ProducerStateManager partition=prescriptions-dispatched-1] Wrote producer snapshot at offset 165 with 0 producer ids in 5 ms. (kafka.log.ProducerStateManager)
[2023-01-29 19:05:47,601] INFO [ReplicaFetcherManager on broker 1] Removed fetcher for partitions Set(prescriptionsDispatched-0, prescriptionsDispatched-1, prescriptions-dispatched-0) (kafka.server.ReplicaFetcherManager)
[2023-01-29 19:05:47,602] INFO [ProducerStateManager partition=prescriptionsDispatched-2] Wrote producer snapshot at offset 960 with 0 producer ids in 7 ms. (kafka.log.ProducerStateManager)
[2023-01-29 19:05:47,604] INFO [ProducerStateManager partition=prescriptions-dispatched-2] Wrote producer snapshot at offset 134 with 0 producer ids in 3 ms. (kafka.log.ProducerStateManager)
[2023-01-29 19:05:47,607] INFO [BrokerToControllerChannelManager broker=1 name=alterPartition]: Recorded new controller, from now on will use node notkamui.mshome.net:9092 (id: 0 rack: null) (kafka.server.BrokerToControllerRequestThread)
[2023-01-29 19:05:47,609] INFO [BrokerToControllerChannelManager broker=1 name=alterPartition] Node 0 disconnected. (org.apache.kafka.clients.NetworkClient)
[2023-01-29 19:05:47,609] WARN [BrokerToControllerChannelManager broker=1 name=alterPartition] Connection to node 0 (notkamui.mshome.net/192.168.137.106:9092) could not be established. Broker may not be available. (org.apache.kafka.clients.NetworkClient)
[2023-01-29 19:05:47,612] INFO [BrokerToControllerChannelManager broker=1 name=alterPartition]: Recorded new controller, from now on will use node notkamui.mshome.net:9092 (id: 0 rack: null) (kafka.server.BrokerToControllerRequestThread)
[2023-01-29 19:05:47,626] INFO Shutdown complete. (kafka.log.LogManager)
[2023-01-29 19:05:47,636] INFO [Controller id=0, targetBrokerId=2] Node 2 disconnected. (org.apache.kafka.clients.NetworkClient)
[2023-01-29 19:05:47,636] WARN [Controller id=0, targetBrokerId=2] Connection to node 2 (notkamui.mshome.net/192.168.137.106:9094) could not be established. Broker may not be available. (org.apache.kafka.clients.NetworkClient)
[2023-01-29 19:05:47,637] INFO [Controller id=0, targetBrokerId=2] Client requested connection close from node 2 (org.apache.kafka.clients.NetworkClient)
[2023-01-29 19:05:47,637] INFO [Controller id=0, targetBrokerId=0] Node 0 disconnected. (org.apache.kafka.clients.NetworkClient)
[2023-01-29 19:05:47,640] WARN [Controller id=0, targetBrokerId=0] Connection to node 0 (notkamui.mshome.net/192.168.137.106:9092) could not be established. Broker may not be available. (org.apache.kafka.clients.NetworkClient)
[2023-01-29 19:05:47,640] INFO [Controller id=0, targetBrokerId=0] Client requested connection close from node 0 (org.apache.kafka.clients.NetworkClient)
[2023-01-29 19:05:47,640] INFO [feature-zk-node-event-process-thread]: Shutting down (kafka.server.FinalizedFeatureChangeListener$ChangeNotificationProcessorThread)
[2023-01-29 19:05:47,640] INFO [feature-zk-node-event-process-thread]: Stopped (kafka.server.FinalizedFeatureChangeListener$ChangeNotificationProcessorThread)
[2023-01-29 19:05:47,640] INFO [feature-zk-node-event-process-thread]: Shutdown completed (kafka.server.FinalizedFeatureChangeListener$ChangeNotificationProcessorThread)
[2023-01-29 19:05:47,640] INFO [ZooKeeperClient Kafka server] Closing. (kafka.zookeeper.ZooKeeperClient)
[2023-01-29 19:05:47,648] INFO [ProducerStateManager partition=prescriptions-dispatched-1] Wrote producer snapshot at offset 165 with 0 producer ids in 4 ms. (kafka.log.ProducerStateManager)
[2023-01-29 19:05:47,660] INFO [BrokerToControllerChannelManager broker=1 name=alterPartition]: Recorded new controller, from now on will use node notkamui.mshome.net:9092 (id: 0 rack: null) (kafka.server.BrokerToControllerRequestThread)
[2023-01-29 19:05:47,660] INFO [BrokerToControllerChannelManager broker=1 name=alterPartition] Node 0 disconnected. (org.apache.kafka.clients.NetworkClient)
[2023-01-29 19:05:47,661] WARN [BrokerToControllerChannelManager broker=1 name=alterPartition] Connection to node 0 (notkamui.mshome.net/192.168.137.106:9092) could not be established. Broker may not be available. (org.apache.kafka.clients.NetworkClient)
[2023-01-29 19:05:47,661] INFO [BrokerToControllerChannelManager broker=1 name=alterPartition]: Recorded new controller, from now on will use node notkamui.mshome.net:9092 (id: 0 rack: null) (kafka.server.BrokerToControllerRequestThread)
[2023-01-29 19:05:47,673] INFO [Controller id=0, targetBrokerId=2] Client requested connection close from node 2 (org.apache.kafka.clients.NetworkClient)
[2023-01-29 19:05:47,678] INFO [ProducerStateManager partition=prescriptions-dispatched-2] Wrote producer snapshot at offset 134 with 0 producer ids in 1 ms. (kafka.log.ProducerStateManager)
[2023-01-29 19:05:47,711] INFO [BrokerToControllerChannelManager broker=1 name=alterPartition]: Recorded new controller, from now on will use node notkamui.mshome.net:9092 (id: 0 rack: null) (kafka.server.BrokerToControllerRequestThread)
[2023-01-29 19:05:47,714] INFO [BrokerToControllerChannelManager broker=1 name=alterPartition] Node 0 disconnected. (org.apache.kafka.clients.NetworkClient)
[2023-01-29 19:05:47,715] WARN [BrokerToControllerChannelManager broker=1 name=alterPartition] Connection to node 0 (notkamui.mshome.net/192.168.137.106:9092) could not be established. Broker may not be available. (org.apache.kafka.clients.NetworkClient)
[2023-01-29 19:05:47,715] INFO [BrokerToControllerChannelManager broker=1 name=alterPartition]: Recorded new controller, from now on will use node notkamui.mshome.net:9092 (id: 0 rack: null) (kafka.server.BrokerToControllerRequestThread)
[2023-01-29 19:05:47,744] INFO [Controller id=0, targetBrokerId=0] Node 0 disconnected. (org.apache.kafka.clients.NetworkClient)
[2023-01-29 19:05:47,746] WARN [Controller id=0, targetBrokerId=0] Connection to node 0 (notkamui.mshome.net/192.168.137.106:9092) could not be established. Broker may not be available. (org.apache.kafka.clients.NetworkClient)
[2023-01-29 19:05:47,749] INFO [Controller id=0, targetBrokerId=0] Client requested connection close from node 0 (org.apache.kafka.clients.NetworkClient)
[2023-01-29 19:05:47,762] INFO [ProducerStateManager partition=__consumer_offsets-11] Wrote producer snapshot at offset 6 with 0 producer ids in 3 ms. (kafka.log.ProducerStateManager)
[2023-01-29 19:05:47,762] INFO Session: 0x100000011a30002 closed (org.apache.zookeeper.ZooKeeper)
[2023-01-29 19:05:47,762] INFO EventThread shut down for session: 0x100000011a30002 (org.apache.zookeeper.ClientCnxn)
[2023-01-29 19:05:47,763] INFO [ZooKeeperClient Kafka server] Closed. (kafka.zookeeper.ZooKeeperClient)
[2023-01-29 19:05:47,765] INFO [BrokerToControllerChannelManager broker=1 name=alterPartition]: Recorded new controller, from now on will use node notkamui.mshome.net:9092 (id: 0 rack: null) (kafka.server.BrokerToControllerRequestThread)
[2023-01-29 19:05:47,766] INFO [ThrottledChannelReaper-Fetch]: Shutting down (kafka.server.ClientQuotaManager$ThrottledChannelReaper)
[2023-01-29 19:05:47,766] INFO [BrokerToControllerChannelManager broker=1 name=alterPartition] Node 0 disconnected. (org.apache.kafka.clients.NetworkClient)
[2023-01-29 19:05:47,766] WARN [BrokerToControllerChannelManager broker=1 name=alterPartition] Connection to node 0 (notkamui.mshome.net/192.168.137.106:9092) could not be established. Broker may not be available. (org.apache.kafka.clients.NetworkClient)
[2023-01-29 19:05:47,767] INFO [BrokerToControllerChannelManager broker=1 name=alterPartition]: Recorded new controller, from now on will use node notkamui.mshome.net:9092 (id: 0 rack: null) (kafka.server.BrokerToControllerRequestThread)
[2023-01-29 19:05:47,768] INFO [ThrottledChannelReaper-Fetch]: Shutdown completed (kafka.server.ClientQuotaManager$ThrottledChannelReaper)
[2023-01-29 19:05:47,768] INFO [ThrottledChannelReaper-Fetch]: Stopped (kafka.server.ClientQuotaManager$ThrottledChannelReaper)
[2023-01-29 19:05:47,768] INFO [ThrottledChannelReaper-Produce]: Shutting down (kafka.server.ClientQuotaManager$ThrottledChannelReaper)
[2023-01-29 19:05:47,769] INFO [ThrottledChannelReaper-Produce]: Stopped (kafka.server.ClientQuotaManager$ThrottledChannelReaper)
[2023-01-29 19:05:47,769] INFO [ThrottledChannelReaper-Produce]: Shutdown completed (kafka.server.ClientQuotaManager$ThrottledChannelReaper)
[2023-01-29 19:05:47,770] INFO [ThrottledChannelReaper-Request]: Shutting down (kafka.server.ClientQuotaManager$ThrottledChannelReaper)
[2023-01-29 19:05:47,770] INFO [ThrottledChannelReaper-Request]: Shutdown completed (kafka.server.ClientQuotaManager$ThrottledChannelReaper)
[2023-01-29 19:05:47,770] INFO [ThrottledChannelReaper-Request]: Stopped (kafka.server.ClientQuotaManager$ThrottledChannelReaper)
[2023-01-29 19:05:47,770] INFO [ThrottledChannelReaper-ControllerMutation]: Shutting down (kafka.server.ClientQuotaManager$ThrottledChannelReaper)
[2023-01-29 19:05:47,770] INFO [ThrottledChannelReaper-ControllerMutation]: Stopped (kafka.server.ClientQuotaManager$ThrottledChannelReaper)
[2023-01-29 19:05:47,770] INFO [ThrottledChannelReaper-ControllerMutation]: Shutdown completed (kafka.server.ClientQuotaManager$ThrottledChannelReaper)
[2023-01-29 19:05:47,770] INFO [SocketServer listenerType=ZK_BROKER, nodeId=2] Shutting down socket server (kafka.network.SocketServer)
[2023-01-29 19:05:47,773] INFO [ProducerStateManager partition=__consumer_offsets-20] Wrote producer snapshot at offset 625 with 0 producer ids in 3 ms. (kafka.log.ProducerStateManager)
[2023-01-29 19:05:47,779] INFO [SocketServer listenerType=ZK_BROKER, nodeId=2] Shutdown completed (kafka.network.SocketServer)
[2023-01-29 19:05:47,780] INFO Metrics scheduler closed (org.apache.kafka.common.metrics.Metrics)
[2023-01-29 19:05:47,780] INFO Closing reporter org.apache.kafka.common.metrics.JmxReporter (org.apache.kafka.common.metrics.Metrics)
[2023-01-29 19:05:47,780] INFO Metrics reporters closed (org.apache.kafka.common.metrics.Metrics)
[2023-01-29 19:05:47,781] INFO Broker and topic stats closed (kafka.server.BrokerTopicStats)
[2023-01-29 19:05:47,783] INFO App info kafka.server for 2 unregistered (org.apache.kafka.common.utils.AppInfoParser)
[2023-01-29 19:05:47,785] INFO [KafkaServer id=2] shut down completed (kafka.server.KafkaServer)
[2023-01-29 19:05:47,807] INFO [ProducerStateManager partition=prescriptions-dispatched-0] Wrote producer snapshot at offset 162 with 0 producer ids in 3 ms. (kafka.log.ProducerStateManager)
[2023-01-29 19:05:47,817] INFO [BrokerToControllerChannelManager broker=1 name=alterPartition]: Recorded new controller, from now on will use node notkamui.mshome.net:9092 (id: 0 rack: null) (kafka.server.BrokerToControllerRequestThread)
[2023-01-29 19:05:47,817] INFO [BrokerToControllerChannelManager broker=1 name=alterPartition] Node 0 disconnected. (org.apache.kafka.clients.NetworkClient)
[2023-01-29 19:05:47,819] WARN [BrokerToControllerChannelManager broker=1 name=alterPartition] Connection to node 0 (notkamui.mshome.net/192.168.137.106:9092) could not be established. Broker may not be available. (org.apache.kafka.clients.NetworkClient)
[2023-01-29 19:05:47,820] INFO [BrokerToControllerChannelManager broker=1 name=alterPartition]: Recorded new controller, from now on will use node notkamui.mshome.net:9092 (id: 0 rack: null) (kafka.server.BrokerToControllerRequestThread)
[2023-01-29 19:05:47,835] INFO [ProducerStateManager partition=prescriptionsDispatched-0] Wrote producer snapshot at offset 1150 with 0 producer ids in 4 ms. (kafka.log.ProducerStateManager)
[2023-01-29 19:05:47,854] INFO [Controller id=0, targetBrokerId=0] Node 0 disconnected. (org.apache.kafka.clients.NetworkClient)
[2023-01-29 19:05:47,856] WARN [Controller id=0, targetBrokerId=0] Connection to node 0 (notkamui.mshome.net/192.168.137.106:9092) could not be established. Broker may not be available. (org.apache.kafka.clients.NetworkClient)
[2023-01-29 19:05:47,857] INFO [Controller id=0, targetBrokerId=0] Client requested connection close from node 0 (org.apache.kafka.clients.NetworkClient)
[2023-01-29 19:05:47,864] INFO [ProducerStateManager partition=__consumer_offsets-15] Wrote producer snapshot at offset 15 with 0 producer ids in 3 ms. (kafka.log.ProducerStateManager)
[2023-01-29 19:05:47,868] INFO [BrokerToControllerChannelManager broker=1 name=alterPartition]: Recorded new controller, from now on will use node notkamui.mshome.net:9092 (id: 0 rack: null) (kafka.server.BrokerToControllerRequestThread)
[2023-01-29 19:05:47,868] INFO [BrokerToControllerChannelManager broker=1 name=alterPartition] Node 0 disconnected. (org.apache.kafka.clients.NetworkClient)
[2023-01-29 19:05:47,868] WARN [BrokerToControllerChannelManager broker=1 name=alterPartition] Connection to node 0 (notkamui.mshome.net/192.168.137.106:9092) could not be established. Broker may not be available. (org.apache.kafka.clients.NetworkClient)
[2023-01-29 19:05:47,868] INFO [BrokerToControllerChannelManager broker=1 name=alterPartition]: Recorded new controller, from now on will use node notkamui.mshome.net:9092 (id: 0 rack: null) (kafka.server.BrokerToControllerRequestThread)
[2023-01-29 19:05:47,874] INFO [ProducerStateManager partition=__consumer_offsets-38] Wrote producer snapshot at offset 213 with 0 producer ids in 1 ms. (kafka.log.ProducerStateManager)
[2023-01-29 19:05:47,886] INFO [ProducerStateManager partition=prescriptionsDispatched-1] Wrote producer snapshot at offset 1176 with 0 producer ids in 1 ms. (kafka.log.ProducerStateManager)
[2023-01-29 19:05:47,902] INFO Shutdown complete. (kafka.log.LogManager)
[2023-01-29 19:05:47,903] INFO [Controller id=0, targetBrokerId=0] Client requested connection close from node 0 (org.apache.kafka.clients.NetworkClient)
[2023-01-29 19:05:47,904] INFO [feature-zk-node-event-process-thread]: Shutting down (kafka.server.FinalizedFeatureChangeListener$ChangeNotificationProcessorThread)
[2023-01-29 19:05:47,904] INFO [feature-zk-node-event-process-thread]: Stopped (kafka.server.FinalizedFeatureChangeListener$ChangeNotificationProcessorThread)
[2023-01-29 19:05:47,904] INFO [feature-zk-node-event-process-thread]: Shutdown completed (kafka.server.FinalizedFeatureChangeListener$ChangeNotificationProcessorThread)
[2023-01-29 19:05:47,904] INFO [ZooKeeperClient Kafka server] Closing. (kafka.zookeeper.ZooKeeperClient)
[2023-01-29 19:05:47,919] INFO [BrokerToControllerChannelManager broker=1 name=alterPartition]: Recorded new controller, from now on will use node notkamui.mshome.net:9092 (id: 0 rack: null) (kafka.server.BrokerToControllerRequestThread)
[2023-01-29 19:05:47,920] INFO [BrokerToControllerChannelManager broker=1 name=alterPartition] Node 0 disconnected. (org.apache.kafka.clients.NetworkClient)
[2023-01-29 19:05:47,920] WARN [BrokerToControllerChannelManager broker=1 name=alterPartition] Connection to node 0 (notkamui.mshome.net/192.168.137.106:9092) could not be established. Broker may not be available. (org.apache.kafka.clients.NetworkClient)
[2023-01-29 19:05:47,920] INFO [BrokerToControllerChannelManager broker=1 name=alterPartition]: Recorded new controller, from now on will use node notkamui.mshome.net:9092 (id: 0 rack: null) (kafka.server.BrokerToControllerRequestThread)
[2023-01-29 19:05:47,971] INFO [BrokerToControllerChannelManager broker=1 name=alterPartition]: Recorded new controller, from now on will use node notkamui.mshome.net:9093 (id: 1 rack: null) (kafka.server.BrokerToControllerRequestThread)
[2023-01-29 19:05:48,012] INFO Session: 0x100000011a30000 closed (org.apache.zookeeper.ZooKeeper)
[2023-01-29 19:05:48,012] INFO EventThread shut down for session: 0x100000011a30000 (org.apache.zookeeper.ClientCnxn)
[2023-01-29 19:05:48,013] INFO [ZooKeeperClient Kafka server] Closed. (kafka.zookeeper.ZooKeeperClient)
[2023-01-29 19:05:48,013] INFO [ThrottledChannelReaper-Fetch]: Shutting down (kafka.server.ClientQuotaManager$ThrottledChannelReaper)
[2023-01-29 19:05:48,013] INFO [ThrottledChannelReaper-Fetch]: Stopped (kafka.server.ClientQuotaManager$ThrottledChannelReaper)
[2023-01-29 19:05:48,013] INFO [ThrottledChannelReaper-Fetch]: Shutdown completed (kafka.server.ClientQuotaManager$ThrottledChannelReaper)
[2023-01-29 19:05:48,013] INFO [ThrottledChannelReaper-Produce]: Shutting down (kafka.server.ClientQuotaManager$ThrottledChannelReaper)
[2023-01-29 19:05:48,014] INFO [ThrottledChannelReaper-Produce]: Stopped (kafka.server.ClientQuotaManager$ThrottledChannelReaper)
[2023-01-29 19:05:48,014] INFO [ThrottledChannelReaper-Produce]: Shutdown completed (kafka.server.ClientQuotaManager$ThrottledChannelReaper)
[2023-01-29 19:05:48,014] INFO [ThrottledChannelReaper-Request]: Shutting down (kafka.server.ClientQuotaManager$ThrottledChannelReaper)
[2023-01-29 19:05:48,014] INFO [ThrottledChannelReaper-Request]: Stopped (kafka.server.ClientQuotaManager$ThrottledChannelReaper)
[2023-01-29 19:05:48,014] INFO [ThrottledChannelReaper-Request]: Shutdown completed (kafka.server.ClientQuotaManager$ThrottledChannelReaper)
[2023-01-29 19:05:48,014] INFO [ThrottledChannelReaper-ControllerMutation]: Shutting down (kafka.server.ClientQuotaManager$ThrottledChannelReaper)
[2023-01-29 19:05:48,014] INFO [ThrottledChannelReaper-ControllerMutation]: Stopped (kafka.server.ClientQuotaManager$ThrottledChannelReaper)
[2023-01-29 19:05:48,014] INFO [ThrottledChannelReaper-ControllerMutation]: Shutdown completed (kafka.server.ClientQuotaManager$ThrottledChannelReaper)
[2023-01-29 19:05:48,014] INFO [SocketServer listenerType=ZK_BROKER, nodeId=0] Shutting down socket server (kafka.network.SocketServer)
[2023-01-29 19:05:48,018] INFO [SocketServer listenerType=ZK_BROKER, nodeId=0] Shutdown completed (kafka.network.SocketServer)
[2023-01-29 19:05:48,019] INFO Metrics scheduler closed (org.apache.kafka.common.metrics.Metrics)
[2023-01-29 19:05:48,019] INFO Closing reporter org.apache.kafka.common.metrics.JmxReporter (org.apache.kafka.common.metrics.Metrics)
[2023-01-29 19:05:48,019] INFO Metrics reporters closed (org.apache.kafka.common.metrics.Metrics)
[2023-01-29 19:05:48,019] INFO Broker and topic stats closed (kafka.server.BrokerTopicStats)
[2023-01-29 19:05:48,019] INFO App info kafka.server for 0 unregistered (org.apache.kafka.common.utils.AppInfoParser)
[2023-01-29 19:05:48,019] INFO [KafkaServer id=0] shut down completed (kafka.server.KafkaServer)
[2023-01-29 19:05:52,424] INFO [KafkaServer id=1] Retrying controlled shutdown (2 retries remaining) (kafka.server.KafkaServer)
[2023-01-29 19:05:52,425] INFO [KafkaServer id=1] Client requested connection close from node 0 (org.apache.kafka.clients.NetworkClient)
[2023-01-29 19:05:52,451] INFO [KafkaServer id=1] Controlled shutdown request returned after 24ms with 6 partitions remaining to move (kafka.server.KafkaServer)
[2023-01-29 19:05:57,456] INFO [KafkaServer id=1] Retrying controlled shutdown (1 retries remaining) (kafka.server.KafkaServer)
[2023-01-29 19:05:57,468] INFO [KafkaServer id=1] Controlled shutdown request returned after 11ms with 6 partitions remaining to move (kafka.server.KafkaServer)
[2023-01-29 19:05:57,471] WARN [KafkaServer id=1] Proceeding to do an unclean shutdown as all the controlled shutdown attempts failed (kafka.server.KafkaServer)
[2023-01-29 19:05:57,472] INFO [/config/changes-event-process-thread]: Shutting down (kafka.common.ZkNodeChangeNotificationListener$ChangeEventProcessThread)
[2023-01-29 19:05:57,473] INFO [/config/changes-event-process-thread]: Stopped (kafka.common.ZkNodeChangeNotificationListener$ChangeEventProcessThread)
[2023-01-29 19:05:57,473] INFO [/config/changes-event-process-thread]: Shutdown completed (kafka.common.ZkNodeChangeNotificationListener$ChangeEventProcessThread)
[2023-01-29 19:05:57,473] INFO [SocketServer listenerType=ZK_BROKER, nodeId=1] Stopping socket server request processors (kafka.network.SocketServer)
[2023-01-29 19:05:57,485] INFO [BrokerToControllerChannelManager broker=1 name=alterPartition] Node 1 disconnected. (org.apache.kafka.clients.NetworkClient)
[2023-01-29 19:05:57,488] INFO [SocketServer listenerType=ZK_BROKER, nodeId=1] Stopped socket server request processors (kafka.network.SocketServer)
[2023-01-29 19:05:57,490] INFO [data-plane Kafka Request Handler on Broker 1], shutting down (kafka.server.KafkaRequestHandlerPool)
[2023-01-29 19:05:57,491] INFO [data-plane Kafka Request Handler on Broker 1], shut down completely (kafka.server.KafkaRequestHandlerPool)
[2023-01-29 19:05:57,492] INFO [ExpirationReaper-1-AlterAcls]: Shutting down (kafka.server.DelayedOperationPurgatory$ExpiredOperationReaper)
[2023-01-29 19:05:57,495] INFO [ExpirationReaper-1-AlterAcls]: Stopped (kafka.server.DelayedOperationPurgatory$ExpiredOperationReaper)
[2023-01-29 19:05:57,495] INFO [ExpirationReaper-1-AlterAcls]: Shutdown completed (kafka.server.DelayedOperationPurgatory$ExpiredOperationReaper)
[2023-01-29 19:05:57,495] INFO [KafkaApi-1] Shutdown complete. (kafka.server.KafkaApis)
[2023-01-29 19:05:57,496] INFO [ExpirationReaper-1-topic]: Shutting down (kafka.server.DelayedOperationPurgatory$ExpiredOperationReaper)
[2023-01-29 19:05:57,496] INFO [ExpirationReaper-1-topic]: Stopped (kafka.server.DelayedOperationPurgatory$ExpiredOperationReaper)
[2023-01-29 19:05:57,496] INFO [ExpirationReaper-1-topic]: Shutdown completed (kafka.server.DelayedOperationPurgatory$ExpiredOperationReaper)
[2023-01-29 19:05:57,497] INFO [TransactionCoordinator id=1] Shutting down. (kafka.coordinator.transaction.TransactionCoordinator)
[2023-01-29 19:05:57,498] INFO [Transaction State Manager 1]: Shutdown complete (kafka.coordinator.transaction.TransactionStateManager)
[2023-01-29 19:05:57,498] INFO [Transaction Marker Channel Manager 1]: Shutting down (kafka.coordinator.transaction.TransactionMarkerChannelManager)
[2023-01-29 19:05:57,498] INFO [Transaction Marker Channel Manager 1]: Stopped (kafka.coordinator.transaction.TransactionMarkerChannelManager)
[2023-01-29 19:05:57,498] INFO [Transaction Marker Channel Manager 1]: Shutdown completed (kafka.coordinator.transaction.TransactionMarkerChannelManager)
[2023-01-29 19:05:57,498] INFO [TransactionCoordinator id=1] Shutdown complete. (kafka.coordinator.transaction.TransactionCoordinator)
[2023-01-29 19:05:57,499] INFO [GroupCoordinator 1]: Shutting down. (kafka.coordinator.group.GroupCoordinator)
[2023-01-29 19:05:57,499] INFO [ExpirationReaper-1-Heartbeat]: Shutting down (kafka.server.DelayedOperationPurgatory$ExpiredOperationReaper)
[2023-01-29 19:05:57,499] INFO [ExpirationReaper-1-Heartbeat]: Stopped (kafka.server.DelayedOperationPurgatory$ExpiredOperationReaper)
[2023-01-29 19:05:57,499] INFO [ExpirationReaper-1-Heartbeat]: Shutdown completed (kafka.server.DelayedOperationPurgatory$ExpiredOperationReaper)
[2023-01-29 19:05:57,499] INFO [ExpirationReaper-1-Rebalance]: Shutting down (kafka.server.DelayedOperationPurgatory$ExpiredOperationReaper)
[2023-01-29 19:05:57,500] INFO [ExpirationReaper-1-Rebalance]: Shutdown completed (kafka.server.DelayedOperationPurgatory$ExpiredOperationReaper)
[2023-01-29 19:05:57,500] INFO [ExpirationReaper-1-Rebalance]: Stopped (kafka.server.DelayedOperationPurgatory$ExpiredOperationReaper)
[2023-01-29 19:05:57,500] INFO [GroupCoordinator 1]: Shutdown complete. (kafka.coordinator.group.GroupCoordinator)
[2023-01-29 19:05:57,500] INFO [ReplicaManager broker=1] Shutting down (kafka.server.ReplicaManager)
[2023-01-29 19:05:57,501] INFO [LogDirFailureHandler]: Shutting down (kafka.server.ReplicaManager$LogDirFailureHandler)
[2023-01-29 19:05:57,501] INFO [LogDirFailureHandler]: Stopped (kafka.server.ReplicaManager$LogDirFailureHandler)
[2023-01-29 19:05:57,501] INFO [LogDirFailureHandler]: Shutdown completed (kafka.server.ReplicaManager$LogDirFailureHandler)
[2023-01-29 19:05:57,501] INFO [ReplicaFetcherManager on broker 1] shutting down (kafka.server.ReplicaFetcherManager)
[2023-01-29 19:05:57,502] INFO [ReplicaFetcherManager on broker 1] shutdown completed (kafka.server.ReplicaFetcherManager)
[2023-01-29 19:05:57,502] INFO [ReplicaAlterLogDirsManager on broker 1] shutting down (kafka.server.ReplicaAlterLogDirsManager)
[2023-01-29 19:05:57,502] INFO [ReplicaAlterLogDirsManager on broker 1] shutdown completed (kafka.server.ReplicaAlterLogDirsManager)
[2023-01-29 19:05:57,502] INFO [ExpirationReaper-1-Fetch]: Shutting down (kafka.server.DelayedOperationPurgatory$ExpiredOperationReaper)
[2023-01-29 19:05:57,502] INFO [ExpirationReaper-1-Fetch]: Stopped (kafka.server.DelayedOperationPurgatory$ExpiredOperationReaper)
[2023-01-29 19:05:57,502] INFO [ExpirationReaper-1-Fetch]: Shutdown completed (kafka.server.DelayedOperationPurgatory$ExpiredOperationReaper)
[2023-01-29 19:05:57,502] INFO [ExpirationReaper-1-Produce]: Shutting down (kafka.server.DelayedOperationPurgatory$ExpiredOperationReaper)
[2023-01-29 19:05:57,502] INFO [ExpirationReaper-1-Produce]: Stopped (kafka.server.DelayedOperationPurgatory$ExpiredOperationReaper)
[2023-01-29 19:05:57,502] INFO [ExpirationReaper-1-Produce]: Shutdown completed (kafka.server.DelayedOperationPurgatory$ExpiredOperationReaper)
[2023-01-29 19:05:57,503] INFO [ExpirationReaper-1-DeleteRecords]: Shutting down (kafka.server.DelayedOperationPurgatory$ExpiredOperationReaper)
[2023-01-29 19:05:57,503] INFO [ExpirationReaper-1-DeleteRecords]: Stopped (kafka.server.DelayedOperationPurgatory$ExpiredOperationReaper)
[2023-01-29 19:05:57,503] INFO [ExpirationReaper-1-DeleteRecords]: Shutdown completed (kafka.server.DelayedOperationPurgatory$ExpiredOperationReaper)
[2023-01-29 19:05:57,503] INFO [ExpirationReaper-1-ElectLeader]: Shutting down (kafka.server.DelayedOperationPurgatory$ExpiredOperationReaper)
[2023-01-29 19:05:57,503] INFO [ExpirationReaper-1-ElectLeader]: Stopped (kafka.server.DelayedOperationPurgatory$ExpiredOperationReaper)
[2023-01-29 19:05:57,503] INFO [ExpirationReaper-1-ElectLeader]: Shutdown completed (kafka.server.DelayedOperationPurgatory$ExpiredOperationReaper)
[2023-01-29 19:05:57,508] INFO [ReplicaManager broker=1] Shut down completely (kafka.server.ReplicaManager)
[2023-01-29 19:05:57,508] INFO [BrokerToControllerChannelManager broker=1 name=alterPartition]: Shutting down (kafka.server.BrokerToControllerRequestThread)
[2023-01-29 19:05:57,509] INFO [BrokerToControllerChannelManager broker=1 name=alterPartition]: Stopped (kafka.server.BrokerToControllerRequestThread)
[2023-01-29 19:05:57,509] INFO [BrokerToControllerChannelManager broker=1 name=alterPartition]: Shutdown completed (kafka.server.BrokerToControllerRequestThread)
[2023-01-29 19:05:57,510] INFO Broker to controller channel manager for alterPartition shutdown (kafka.server.BrokerToControllerChannelManagerImpl)
[2023-01-29 19:05:57,510] INFO [BrokerToControllerChannelManager broker=1 name=forwarding]: Shutting down (kafka.server.BrokerToControllerRequestThread)
[2023-01-29 19:05:57,510] INFO [BrokerToControllerChannelManager broker=1 name=forwarding]: Stopped (kafka.server.BrokerToControllerRequestThread)
[2023-01-29 19:05:57,510] INFO [BrokerToControllerChannelManager broker=1 name=forwarding]: Shutdown completed (kafka.server.BrokerToControllerRequestThread)
[2023-01-29 19:05:57,510] INFO Broker to controller channel manager for forwarding shutdown (kafka.server.BrokerToControllerChannelManagerImpl)
[2023-01-29 19:05:57,510] INFO Shutting down. (kafka.log.LogManager)
[2023-01-29 19:05:57,525] INFO [ProducerStateManager partition=prescriptionsDispatched-2] Wrote producer snapshot at offset 960 with 0 producer ids in 5 ms. (kafka.log.ProducerStateManager)
[2023-01-29 19:05:57,534] INFO [ProducerStateManager partition=prescriptionsAnonymized-0] Wrote producer snapshot at offset 2074 with 0 producer ids in 2 ms. (kafka.log.ProducerStateManager)
[2023-01-29 19:05:57,541] INFO [ProducerStateManager partition=prescriptions-dispatched-2] Wrote producer snapshot at offset 134 with 0 producer ids in 2 ms. (kafka.log.ProducerStateManager)
[2023-01-29 19:05:57,547] INFO [ProducerStateManager partition=prescriptionsDispatched-1] Wrote producer snapshot at offset 1176 with 0 producer ids in 2 ms. (kafka.log.ProducerStateManager)
[2023-01-29 19:05:57,553] INFO [ProducerStateManager partition=prescriptions-dispatched-1] Wrote producer snapshot at offset 165 with 0 producer ids in 3 ms. (kafka.log.ProducerStateManager)
[2023-01-29 19:05:57,558] INFO [ProducerStateManager partition=prescriptions-dispatched-0] Wrote producer snapshot at offset 162 with 0 producer ids in 2 ms. (kafka.log.ProducerStateManager)
[2023-01-29 19:05:57,564] INFO [ProducerStateManager partition=prescriptionsDispatched-0] Wrote producer snapshot at offset 1150 with 0 producer ids in 2 ms. (kafka.log.ProducerStateManager)
[2023-01-29 19:05:57,574] INFO Shutdown complete. (kafka.log.LogManager)
[2023-01-29 19:05:57,575] INFO [feature-zk-node-event-process-thread]: Shutting down (kafka.server.FinalizedFeatureChangeListener$ChangeNotificationProcessorThread)
[2023-01-29 19:05:57,575] INFO [feature-zk-node-event-process-thread]: Stopped (kafka.server.FinalizedFeatureChangeListener$ChangeNotificationProcessorThread)
[2023-01-29 19:05:57,575] INFO [feature-zk-node-event-process-thread]: Shutdown completed (kafka.server.FinalizedFeatureChangeListener$ChangeNotificationProcessorThread)
[2023-01-29 19:05:57,576] INFO [ZooKeeperClient Kafka server] Closing. (kafka.zookeeper.ZooKeeperClient)
[2023-01-29 19:05:57,685] INFO Session: 0x100000011a30001 closed (org.apache.zookeeper.ZooKeeper)
[2023-01-29 19:05:57,685] INFO EventThread shut down for session: 0x100000011a30001 (org.apache.zookeeper.ClientCnxn)
[2023-01-29 19:05:57,685] INFO [ZooKeeperClient Kafka server] Closed. (kafka.zookeeper.ZooKeeperClient)
[2023-01-29 19:05:57,686] INFO [ThrottledChannelReaper-Fetch]: Shutting down (kafka.server.ClientQuotaManager$ThrottledChannelReaper)
[2023-01-29 19:05:57,687] INFO [ThrottledChannelReaper-Fetch]: Stopped (kafka.server.ClientQuotaManager$ThrottledChannelReaper)
[2023-01-29 19:05:57,687] INFO [ThrottledChannelReaper-Fetch]: Shutdown completed (kafka.server.ClientQuotaManager$ThrottledChannelReaper)
[2023-01-29 19:05:57,687] INFO [ThrottledChannelReaper-Produce]: Shutting down (kafka.server.ClientQuotaManager$ThrottledChannelReaper)
[2023-01-29 19:05:57,687] INFO [ThrottledChannelReaper-Produce]: Stopped (kafka.server.ClientQuotaManager$ThrottledChannelReaper)
[2023-01-29 19:05:57,687] INFO [ThrottledChannelReaper-Produce]: Shutdown completed (kafka.server.ClientQuotaManager$ThrottledChannelReaper)
[2023-01-29 19:05:57,687] INFO [ThrottledChannelReaper-Request]: Shutting down (kafka.server.ClientQuotaManager$ThrottledChannelReaper)
[2023-01-29 19:05:57,687] INFO [ThrottledChannelReaper-Request]: Stopped (kafka.server.ClientQuotaManager$ThrottledChannelReaper)
[2023-01-29 19:05:57,687] INFO [ThrottledChannelReaper-Request]: Shutdown completed (kafka.server.ClientQuotaManager$ThrottledChannelReaper)
[2023-01-29 19:05:57,687] INFO [ThrottledChannelReaper-ControllerMutation]: Shutting down (kafka.server.ClientQuotaManager$ThrottledChannelReaper)
[2023-01-29 19:05:57,688] INFO [ThrottledChannelReaper-ControllerMutation]: Stopped (kafka.server.ClientQuotaManager$ThrottledChannelReaper)
[2023-01-29 19:05:57,688] INFO [ThrottledChannelReaper-ControllerMutation]: Shutdown completed (kafka.server.ClientQuotaManager$ThrottledChannelReaper)
[2023-01-29 19:05:57,688] INFO [SocketServer listenerType=ZK_BROKER, nodeId=1] Shutting down socket server (kafka.network.SocketServer)
[2023-01-29 19:05:57,698] INFO [SocketServer listenerType=ZK_BROKER, nodeId=1] Shutdown completed (kafka.network.SocketServer)
[2023-01-29 19:05:57,698] INFO Metrics scheduler closed (org.apache.kafka.common.metrics.Metrics)
[2023-01-29 19:05:57,698] INFO Closing reporter org.apache.kafka.common.metrics.JmxReporter (org.apache.kafka.common.metrics.Metrics)
[2023-01-29 19:05:57,698] INFO Metrics reporters closed (org.apache.kafka.common.metrics.Metrics)
[2023-01-29 19:05:57,699] INFO Broker and topic stats closed (kafka.server.BrokerTopicStats)
[2023-01-29 19:05:57,699] INFO App info kafka.server for 1 unregistered (org.apache.kafka.common.utils.AppInfoParser)
[2023-01-29 19:05:57,699] INFO [KafkaServer id=1] shut down completed (kafka.server.KafkaServer)
